<?xml version="1.0" encoding="UTF-8"?>
<testsuite xmlns:xsi="http://www.w3.org/2001/XMLSchema-instance" xsi:noNamespaceSchemaLocation="https://maven.apache.org/surefire/maven-surefire-plugin/xsd/surefire-test-report-3.0.xsd" version="3.0" name="com.example.AppTest" time="0.025" tests="1" errors="0" skipped="0" failures="0">
  <properties>
    <property name="java.specification.version" value="21"/>
    <property name="sun.cpu.isalist" value="amd64"/>
    <property name="sun.jnu.encoding" value="Cp1252"/>
    <property name="java.class.path" value="C:\Users\giris\Documents\COMP367_Lab2\comp367app\target\test-classes;C:\Users\giris\Documents\COMP367_Lab2\comp367app\target\classes;C:\Users\giris\.m2\repository\javax\servlet\javax.servlet-api\4.0.1\javax.servlet-api-4.0.1.jar;C:\Users\giris\.m2\repository\junit\junit\4.13.2\junit-4.13.2.jar;C:\Users\giris\.m2\repository\org\hamcrest\hamcrest-core\1.3\hamcrest-core-1.3.jar;C:\Users\giris\.m2\repository\org\eclipse\jetty\jetty-webapp\9.4.51.v20230217\jetty-webapp-9.4.51.v20230217.jar;C:\Users\giris\.m2\repository\org\eclipse\jetty\jetty-xml\9.4.51.v20230217\jetty-xml-9.4.51.v20230217.jar;C:\Users\giris\.m2\repository\org\eclipse\jetty\jetty-util\9.4.51.v20230217\jetty-util-9.4.51.v20230217.jar;C:\Users\giris\.m2\repository\org\eclipse\jetty\jetty-servlet\9.4.51.v20230217\jetty-servlet-9.4.51.v20230217.jar;C:\Users\giris\.m2\repository\org\eclipse\jetty\jetty-security\9.4.51.v20230217\jetty-security-9.4.51.v20230217.jar;C:\Users\giris\.m2\repository\org\eclipse\jetty\jetty-server\9.4.51.v20230217\jetty-server-9.4.51.v20230217.jar;C:\Users\giris\.m2\repository\org\eclipse\jetty\jetty-http\9.4.51.v20230217\jetty-http-9.4.51.v20230217.jar;C:\Users\giris\.m2\repository\org\eclipse\jetty\jetty-io\9.4.51.v20230217\jetty-io-9.4.51.v20230217.jar;C:\Users\giris\.m2\repository\org\eclipse\jetty\jetty-util-ajax\9.4.51.v20230217\jetty-util-ajax-9.4.51.v20230217.jar;"/>
    <property name="java.vm.vendor" value="Oracle Corporation"/>
    <property name="sun.arch.data.model" value="64"/>
    <property name="user.variant" value=""/>
    <property name="java.vendor.url" value="https://java.oracle.com/"/>
    <property name="user.timezone" value="America/Toronto"/>
    <property name="os.name" value="Windows 11"/>
    <property name="java.vm.specification.version" value="21"/>
    <property name="sun.java.launcher" value="SUN_STANDARD"/>
    <property name="user.country" value="CA"/>
    <property name="sun.boot.library.path" value="C:\Program Files\Java\jdk-21\bin"/>
    <property name="sun.java.command" value="C:\Users\giris\AppData\Local\Temp\surefire4530449307508349671\surefirebooter-20250221151301872_3.jar C:\Users\giris\AppData\Local\Temp\surefire4530449307508349671 2025-02-21T15-13-01_784-jvmRun1 surefire-20250221151301872_1tmp surefire_0-20250221151301872_2tmp"/>
    <property name="jdk.debug" value="release"/>
    <property name="surefire.test.class.path" value="C:\Users\giris\Documents\COMP367_Lab2\comp367app\target\test-classes;C:\Users\giris\Documents\COMP367_Lab2\comp367app\target\classes;C:\Users\giris\.m2\repository\javax\servlet\javax.servlet-api\4.0.1\javax.servlet-api-4.0.1.jar;C:\Users\giris\.m2\repository\junit\junit\4.13.2\junit-4.13.2.jar;C:\Users\giris\.m2\repository\org\hamcrest\hamcrest-core\1.3\hamcrest-core-1.3.jar;C:\Users\giris\.m2\repository\org\eclipse\jetty\jetty-webapp\9.4.51.v20230217\jetty-webapp-9.4.51.v20230217.jar;C:\Users\giris\.m2\repository\org\eclipse\jetty\jetty-xml\9.4.51.v20230217\jetty-xml-9.4.51.v20230217.jar;C:\Users\giris\.m2\repository\org\eclipse\jetty\jetty-util\9.4.51.v20230217\jetty-util-9.4.51.v20230217.jar;C:\Users\giris\.m2\repository\org\eclipse\jetty\jetty-servlet\9.4.51.v20230217\jetty-servlet-9.4.51.v20230217.jar;C:\Users\giris\.m2\repository\org\eclipse\jetty\jetty-security\9.4.51.v20230217\jetty-security-9.4.51.v20230217.jar;C:\Users\giris\.m2\repository\org\eclipse\jetty\jetty-server\9.4.51.v20230217\jetty-server-9.4.51.v20230217.jar;C:\Users\giris\.m2\repository\org\eclipse\jetty\jetty-http\9.4.51.v20230217\jetty-http-9.4.51.v20230217.jar;C:\Users\giris\.m2\repository\org\eclipse\jetty\jetty-io\9.4.51.v20230217\jetty-io-9.4.51.v20230217.jar;C:\Users\giris\.m2\repository\org\eclipse\jetty\jetty-util-ajax\9.4.51.v20230217\jetty-util-ajax-9.4.51.v20230217.jar;"/>
    <property name="sun.cpu.endian" value="little"/>
    <property name="user.home" value="C:\Users\giris"/>
    <property name="user.language" value="en"/>
    <property name="java.specification.vendor" value="Oracle Corporation"/>
    <property name="java.version.date" value="2025-01-21"/>
    <property name="java.home" value="C:\Program Files\Java\jdk-21"/>
    <property name="file.separator" value="\"/>
    <property name="basedir" value="C:\Users\giris\Documents\COMP367_Lab2\comp367app"/>
    <property name="java.vm.compressedOopsMode" value="Zero based"/>
    <property name="line.separator" value="&#10;"/>
    <property name="java.vm.specification.vendor" value="Oracle Corporation"/>
    <property name="java.specification.name" value="Java Platform API Specification"/>
    <property name="surefire.real.class.path" value="C:\Users\giris\AppData\Local\Temp\surefire4530449307508349671\surefirebooter-20250221151301872_3.jar"/>
    <property name="user.script" value=""/>
    <property name="sun.management.compiler" value="HotSpot 64-Bit Tiered Compilers"/>
    <property name="java.runtime.version" value="21.0.6+8-LTS-188"/>
    <property name="user.name" value="giris"/>
    <property name="stdout.encoding" value="Cp1252"/>
    <property name="path.separator" value=";"/>
    <property name="os.version" value="10.0"/>
    <property name="java.runtime.name" value="Java(TM) SE Runtime Environment"/>
    <property name="file.encoding" value="UTF-8"/>
    <property name="java.vm.name" value="Java HotSpot(TM) 64-Bit Server VM"/>
    <property name="localRepository" value="C:\Users\giris\.m2\repository"/>
    <property name="java.vendor.url.bug" value="https://bugreport.java.com/bugreport/"/>
    <property name="java.io.tmpdir" value="C:\Users\giris\AppData\Local\Temp\"/>
    <property name="java.version" value="21.0.6"/>
    <property name="user.dir" value="C:\Users\giris\Documents\COMP367_Lab2\comp367app"/>
    <property name="os.arch" value="amd64"/>
    <property name="java.vm.specification.name" value="Java Virtual Machine Specification"/>
    <property name="sun.os.patch.level" value=""/>
    <property name="native.encoding" value="Cp1252"/>
    <property name="java.library.path" value="C:\Program Files\Java\jdk-21\bin;C:\WINDOWS\Sun\Java\bin;C:\WINDOWS\system32;C:\WINDOWS;C:\Program Files\Common Files\Oracle\Java\javapath;C:\app\giris\product\21c\dbhomeXE\bin;C:\Windows\system32;C:\Windows;C:\Windows\System32\Wbem;C:\Windows\System32\WindowsPowerShell\v1.0\;C:\Windows\System32\OpenSSH\;C:\Program Files (x86)\NVIDIA Corporation\PhysX\Common;C:\Program Files\dotnet\;C:\WINDOWS\system32;C:\WINDOWS;C:\WINDOWS\System32\Wbem;C:\WINDOWS\System32\WindowsPowerShell\v1.0\;C:\WINDOWS\System32\OpenSSH\;C:\Program Files\NVIDIA Corporation\NVIDIA app\NvDLISR;C:\Program Files\Microsoft SQL Server\Client SDK\ODBC\170\Tools\Binn\;C:\Program Files (x86)\Microsoft SQL Server\160\Tools\Binn\;C:\Program Files\Microsoft SQL Server\160\Tools\Binn\;C:\Program Files\Microsoft SQL Server\160\DTS\Binn\;C:\Program Files\Microsoft SQL Server\130\DTS\Binn\;C:\Program Files\Microsoft SQL Server\140\DTS\Binn\;C:\Program Files\Microsoft SQL Server\150\DTS\Binn\;C:\Program Files\Git\cmd;c:\Users\giris\AppData\Local\Programs\cursor\resources\app\bin;C:\Program Files\nodejs\;E:\Downloads\apache-maven-3.9.9-bin\apache-maven-3.9.9\bin;C:\Users\giris\.console-ninja\.bin;C:\Users\giris\AppData\Local\Microsoft\WindowsApps;C:\Users\giris\AppData\Local\Programs\Microsoft VS Code\bin;C:\Program Files\nodejs\;C:\Users\giris\.dotnet\tools;C:\Users\giris\AppData\Local\Programs\Python\Python312;C:\Program Files\MongoDB\Server\8.0\bin;C:\Users\giris\AppData\Local\GitHubDesktop\bin;C:\Users\giris\AppData\Local\Microsoft\WinGet\Links;C:\Users\giris\AppData\Roaming\npm;."/>
    <property name="java.vm.info" value="mixed mode, sharing"/>
    <property name="stderr.encoding" value="Cp1252"/>
    <property name="java.vendor" value="Oracle Corporation"/>
    <property name="java.vm.version" value="21.0.6+8-LTS-188"/>
    <property name="sun.io.unicode.encoding" value="UnicodeLittle"/>
    <property name="java.class.version" value="65.0"/>
  </properties>
  <testcase name="testApp" classname="com.example.AppTest" time="0.003"/>
</testsuite>